[31-Jul-2025 23:26:24 UTC] PHP Warning:  Undefined variable $env in /Applications/MAMP/htdocs/unw/wp-content/themes/unw/inc/functions/include-assets.php on line 38
[31-Jul-2025 23:26:24 UTC] PHP Warning:  Attempt to read property "comment_count" on null in /Applications/MAMP/htdocs/unw/wp-includes/general-template.php on line 3352
[31-Jul-2025 23:26:27 UTC] PHP Warning:  Undefined variable $env in /Applications/MAMP/htdocs/unw/wp-content/themes/unw/inc/functions/include-assets.php on line 38
[31-Jul-2025 23:26:27 UTC] PHP Warning:  Attempt to read property "comment_count" on null in /Applications/MAMP/htdocs/unw/wp-includes/general-template.php on line 3352
[31-Jul-2025 23:26:31 UTC] PHP Warning:  Attempt to read property "comment_count" on null in /Applications/MAMP/htdocs/unw/wp-includes/general-template.php on line 3352
[31-Jul-2025 23:29:04 UTC] PHP Warning:  Attempt to read property "comment_count" on null in /Applications/MAMP/htdocs/unw/wp-includes/general-template.php on line 3352
[31-Jul-2025 23:29:06 UTC] PHP Warning:  Attempt to read property "comment_count" on null in /Applications/MAMP/htdocs/unw/wp-includes/general-template.php on line 3352
[31-Jul-2025 23:30:53 UTC] PHP Warning:  Attempt to read property "comment_count" on null in /Applications/MAMP/htdocs/unw/wp-includes/general-template.php on line 3352
[31-Jul-2025 23:30:55 UTC] PHP Warning:  Attempt to read property "comment_count" on null in /Applications/MAMP/htdocs/unw/wp-includes/general-template.php on line 3352
[31-Jul-2025 23:31:02 UTC] PHP Warning:  Attempt to read property "comment_count" on null in /Applications/MAMP/htdocs/unw/wp-includes/general-template.php on line 3352
[31-Jul-2025 23:32:36 UTC] PHP Warning:  Attempt to read property "comment_count" on null in /Applications/MAMP/htdocs/unw/wp-includes/general-template.php on line 3352
[31-Jul-2025 23:33:34 UTC] PHP Warning:  Attempt to read property "comment_count" on null in /Applications/MAMP/htdocs/unw/wp-includes/general-template.php on line 3352
[31-Jul-2025 23:33:40 UTC] PHP Warning:  Attempt to read property "comment_count" on null in /Applications/MAMP/htdocs/unw/wp-includes/general-template.php on line 3352
[31-Jul-2025 23:33:46 UTC] PHP Warning:  Attempt to read property "comment_count" on null in /Applications/MAMP/htdocs/unw/wp-includes/general-template.php on line 3352
[31-Jul-2025 23:33:50 UTC] PHP Warning:  Attempt to read property "comment_count" on null in /Applications/MAMP/htdocs/unw/wp-includes/general-template.php on line 3352
[31-Jul-2025 23:34:02 UTC] PHP Warning:  Attempt to read property "comment_count" on null in /Applications/MAMP/htdocs/unw/wp-includes/general-template.php on line 3352
[31-Jul-2025 23:34:51 UTC] PHP Warning:  Attempt to read property "comment_count" on null in /Applications/MAMP/htdocs/unw/wp-includes/general-template.php on line 3352
[31-Jul-2025 23:36:13 UTC] PHP Warning:  Trying to access array offset on null in /Applications/MAMP/htdocs/unw/wp-content/themes/unw/404.php on line 30
[31-Jul-2025 23:36:13 UTC] PHP Warning:  Trying to access array offset on null in /Applications/MAMP/htdocs/unw/wp-content/themes/unw/404.php on line 31
[31-Jul-2025 23:36:21 UTC] PHP Warning:  Undefined variable $variant in /Applications/MAMP/htdocs/unw/wp-content/themes/unw/content-parts/pages/powered-by-asu/content-pba-hero.php on line 9
[31-Jul-2025 23:37:45 UTC] PHP Warning:  Trying to access array offset on null in /Applications/MAMP/htdocs/unw/wp-content/themes/unw/404.php on line 30
[31-Jul-2025 23:37:45 UTC] PHP Warning:  Trying to access array offset on null in /Applications/MAMP/htdocs/unw/wp-content/themes/unw/404.php on line 31
[31-Jul-2025 23:37:46 UTC] PHP Warning:  Trying to access array offset on null in /Applications/MAMP/htdocs/unw/wp-content/themes/unw/404.php on line 30
[31-Jul-2025 23:37:46 UTC] PHP Warning:  Trying to access array offset on null in /Applications/MAMP/htdocs/unw/wp-content/themes/unw/404.php on line 31
[31-Jul-2025 23:37:46 UTC] PHP Warning:  Undefined variable $variant in /Applications/MAMP/htdocs/unw/wp-content/themes/unw/content-parts/pages/powered-by-asu/content-pba-hero.php on line 9
[31-Jul-2025 23:37:47 UTC] PHP Warning:  Undefined variable $variant in /Applications/MAMP/htdocs/unw/wp-content/themes/unw/content-parts/pages/powered-by-asu/content-pba-hero.php on line 9
[31-Jul-2025 23:37:58 UTC] PHP Warning:  Attempt to read property "comment_count" on null in /Applications/MAMP/htdocs/unw/wp-includes/general-template.php on line 3352
[31-Jul-2025 23:38:51 UTC] PHP Warning:  Attempt to read property "comment_count" on null in /Applications/MAMP/htdocs/unw/wp-includes/general-template.php on line 3352
[31-Jul-2025 23:39:05 UTC] PHP Warning:  Attempt to read property "comment_count" on null in /Applications/MAMP/htdocs/unw/wp-includes/general-template.php on line 3352
[31-Jul-2025 23:39:12 UTC] PHP Warning:  Attempt to read property "comment_count" on null in /Applications/MAMP/htdocs/unw/wp-includes/general-template.php on line 3352
[31-Jul-2025 23:39:30 UTC] PHP Warning:  Attempt to read property "comment_count" on null in /Applications/MAMP/htdocs/unw/wp-includes/general-template.php on line 3352
[31-Jul-2025 23:39:35 UTC] PHP Warning:  Attempt to read property "comment_count" on null in /Applications/MAMP/htdocs/unw/wp-includes/general-template.php on line 3352
[31-Jul-2025 23:39:54 UTC] PHP Warning:  Attempt to read property "comment_count" on null in /Applications/MAMP/htdocs/unw/wp-includes/general-template.php on line 3352
[31-Jul-2025 23:39:59 UTC] PHP Warning:  Attempt to read property "comment_count" on null in /Applications/MAMP/htdocs/unw/wp-includes/general-template.php on line 3352
[31-Jul-2025 23:40:14 UTC] PHP Warning:  Attempt to read property "comment_count" on null in /Applications/MAMP/htdocs/unw/wp-includes/general-template.php on line 3352
[31-Jul-2025 23:40:19 UTC] PHP Warning:  Attempt to read property "comment_count" on null in /Applications/MAMP/htdocs/unw/wp-includes/general-template.php on line 3352
[31-Jul-2025 23:40:34 UTC] PHP Deprecated:  ¡La función the_block_template_skip_link ha quedado <strong>obsoleta</strong> desde la versión 6.4.0! Usa wp_enqueue_block_template_skip_link() en su lugar. in /Applications/MAMP/htdocs/unw/wp-includes/functions.php on line 6121
[31-Jul-2025 23:40:43 UTC] PHP Warning:  Attempt to read property "comment_count" on null in /Applications/MAMP/htdocs/unw/wp-includes/general-template.php on line 3352
[31-Jul-2025 23:40:45 UTC] PHP Warning:  Attempt to read property "comment_count" on null in /Applications/MAMP/htdocs/unw/wp-includes/general-template.php on line 3352
[31-Jul-2025 23:41:01 UTC] PHP Warning:  Attempt to read property "comment_count" on null in /Applications/MAMP/htdocs/unw/wp-includes/general-template.php on line 3352
[31-Jul-2025 23:41:18 UTC] PHP Warning:  Attempt to read property "comment_count" on null in /Applications/MAMP/htdocs/unw/wp-includes/general-template.php on line 3352
[31-Jul-2025 23:47:06 UTC] PHP Warning:  Trying to access array offset on null in /Applications/MAMP/htdocs/unw/wp-content/themes/unw/404.php on line 30
[31-Jul-2025 23:47:06 UTC] PHP Warning:  Trying to access array offset on null in /Applications/MAMP/htdocs/unw/wp-content/themes/unw/404.php on line 31
[31-Jul-2025 23:47:07 UTC] PHP Warning:  Undefined variable $variant in /Applications/MAMP/htdocs/unw/wp-content/themes/unw/content-parts/pages/powered-by-asu/content-pba-hero.php on line 9
[31-Jul-2025 23:47:37 UTC] PHP Warning:  Undefined variable $variant in /Applications/MAMP/htdocs/unw/wp-content/themes/unw/content-parts/pages/powered-by-asu/content-pba-hero.php on line 9
[31-Jul-2025 23:47:38 UTC] PHP Warning:  Trying to access array offset on null in /Applications/MAMP/htdocs/unw/wp-content/themes/unw/404.php on line 30
[31-Jul-2025 23:47:38 UTC] PHP Warning:  Trying to access array offset on null in /Applications/MAMP/htdocs/unw/wp-content/themes/unw/404.php on line 31
[31-Jul-2025 23:47:43 UTC] PHP Warning:  Undefined variable $variant in /Applications/MAMP/htdocs/unw/wp-content/themes/unw/content-parts/pages/powered-by-asu/content-pba-hero.php on line 9
[01-Aug-2025 04:54:48 UTC] PHP Warning:  Undefined variable $variant in /Applications/MAMP/htdocs/unw/wp-content/themes/unw/content-parts/pages/powered-by-asu/content-pba-hero.php on line 9
[01-Aug-2025 04:54:58 UTC] PHP Warning:  Undefined variable $variant in /Applications/MAMP/htdocs/unw/wp-content/themes/unw/content-parts/pages/powered-by-asu/content-pba-hero.php on line 9
[01-Aug-2025 04:56:24 UTC] PHP Warning:  Undefined variable $variant in /Applications/MAMP/htdocs/unw/wp-content/themes/unw/content-parts/pages/powered-by-asu/content-pba-hero.php on line 9
[01-Aug-2025 04:56:56 UTC] PHP Warning:  Undefined variable $variant in /Applications/MAMP/htdocs/unw/wp-content/themes/unw/content-parts/pages/powered-by-asu/content-pba-hero.php on line 9
[01-Aug-2025 05:09:37 UTC] PHP Warning:  Undefined variable $variant in /Applications/MAMP/htdocs/unw/wp-content/themes/unw/content-parts/pages/powered-by-asu/content-pba-hero.php on line 9
[01-Aug-2025 05:11:48 UTC] PHP Warning:  Undefined variable $variant in /Applications/MAMP/htdocs/unw/wp-content/themes/unw/content-parts/pages/powered-by-asu/content-pba-hero.php on line 9
[01-Aug-2025 05:12:41 UTC] PHP Warning:  Undefined variable $variant in /Applications/MAMP/htdocs/unw/wp-content/themes/unw/content-parts/pages/powered-by-asu/content-pba-hero.php on line 9
[01-Aug-2025 05:13:28 UTC] PHP Warning:  Undefined variable $variant in /Applications/MAMP/htdocs/unw/wp-content/themes/unw/content-parts/pages/powered-by-asu/content-pba-hero.php on line 9
[01-Aug-2025 05:13:32 UTC] PHP Warning:  Undefined variable $variant in /Applications/MAMP/htdocs/unw/wp-content/themes/unw/content-parts/pages/powered-by-asu/content-pba-hero.php on line 9
[01-Aug-2025 05:22:25 UTC] PHP Warning:  Undefined variable $variant in /Applications/MAMP/htdocs/unw/wp-content/themes/unw/content-parts/pages/powered-by-asu/content-pba-hero.php on line 9
[01-Aug-2025 05:23:14 UTC] PHP Warning:  Undefined variable $variant in /Applications/MAMP/htdocs/unw/wp-content/themes/unw/content-parts/pages/powered-by-asu/content-pba-hero.php on line 9
[01-Aug-2025 05:24:09 UTC] PHP Warning:  Undefined variable $variant in /Applications/MAMP/htdocs/unw/wp-content/themes/unw/content-parts/pages/powered-by-asu/content-pba-hero.php on line 9
[01-Aug-2025 05:31:18 UTC] PHP Warning:  Undefined variable $variant in /Applications/MAMP/htdocs/unw/wp-content/themes/unw/content-parts/pages/powered-by-asu/content-pba-hero.php on line 9
[01-Aug-2025 05:31:59 UTC] PHP Warning:  Undefined variable $variant in /Applications/MAMP/htdocs/unw/wp-content/themes/unw/content-parts/pages/powered-by-asu/content-pba-hero.php on line 9
[01-Aug-2025 05:38:58 UTC] PHP Warning:  Undefined variable $variant in /Applications/MAMP/htdocs/unw/wp-content/themes/unw/content-parts/pages/powered-by-asu/content-pba-hero.php on line 9
[01-Aug-2025 05:39:17 UTC] PHP Warning:  Undefined variable $variant in /Applications/MAMP/htdocs/unw/wp-content/themes/unw/content-parts/pages/powered-by-asu/content-pba-hero.php on line 9
[01-Aug-2025 05:42:16 UTC] PHP Warning:  Undefined variable $variant in /Applications/MAMP/htdocs/unw/wp-content/themes/unw/content-parts/pages/powered-by-asu/content-pba-hero.php on line 9
[01-Aug-2025 05:44:03 UTC] PHP Warning:  Undefined variable $variant in /Applications/MAMP/htdocs/unw/wp-content/themes/unw/content-parts/pages/powered-by-asu/content-pba-hero.php on line 9
[01-Aug-2025 05:44:03 UTC] PHP Warning:  Undefined array key "title" in /Applications/MAMP/htdocs/unw/wp-content/themes/unw/content-parts/pages/powered-by-asu/content-pba-benefits.php on line 8
[01-Aug-2025 05:44:03 UTC] PHP Warning:  Array to string conversion in /Applications/MAMP/htdocs/unw/wp-content/themes/unw/content-parts/pages/powered-by-asu/content-pba-benefits.php on line 14
[01-Aug-2025 05:44:03 UTC] PHP Warning:  Array to string conversion in /Applications/MAMP/htdocs/unw/wp-content/themes/unw/content-parts/pages/powered-by-asu/content-pba-benefits.php on line 14
[01-Aug-2025 05:44:03 UTC] PHP Warning:  Array to string conversion in /Applications/MAMP/htdocs/unw/wp-content/themes/unw/content-parts/pages/powered-by-asu/content-pba-benefits.php on line 14
[01-Aug-2025 05:44:03 UTC] PHP Warning:  Array to string conversion in /Applications/MAMP/htdocs/unw/wp-content/themes/unw/content-parts/pages/powered-by-asu/content-pba-benefits.php on line 14
[01-Aug-2025 05:44:03 UTC] PHP Warning:  Array to string conversion in /Applications/MAMP/htdocs/unw/wp-content/themes/unw/content-parts/pages/powered-by-asu/content-pba-benefits.php on line 14
[01-Aug-2025 05:44:03 UTC] PHP Warning:  Array to string conversion in /Applications/MAMP/htdocs/unw/wp-content/themes/unw/content-parts/pages/powered-by-asu/content-pba-benefits.php on line 14
[01-Aug-2025 05:44:03 UTC] PHP Warning:  Array to string conversion in /Applications/MAMP/htdocs/unw/wp-content/themes/unw/content-parts/pages/powered-by-asu/content-pba-benefits.php on line 14
[01-Aug-2025 05:44:27 UTC] PHP Warning:  Undefined variable $variant in /Applications/MAMP/htdocs/unw/wp-content/themes/unw/content-parts/pages/powered-by-asu/content-pba-hero.php on line 9
[01-Aug-2025 05:44:27 UTC] PHP Warning:  Undefined array key "title" in /Applications/MAMP/htdocs/unw/wp-content/themes/unw/content-parts/pages/powered-by-asu/content-pba-benefits.php on line 10
[01-Aug-2025 05:44:27 UTC] PHP Warning:  Array to string conversion in /Applications/MAMP/htdocs/unw/wp-content/themes/unw/content-parts/pages/powered-by-asu/content-pba-benefits.php on line 16
[01-Aug-2025 05:44:27 UTC] PHP Warning:  Array to string conversion in /Applications/MAMP/htdocs/unw/wp-content/themes/unw/content-parts/pages/powered-by-asu/content-pba-benefits.php on line 16
[01-Aug-2025 05:44:27 UTC] PHP Warning:  Array to string conversion in /Applications/MAMP/htdocs/unw/wp-content/themes/unw/content-parts/pages/powered-by-asu/content-pba-benefits.php on line 16
[01-Aug-2025 05:44:27 UTC] PHP Warning:  Array to string conversion in /Applications/MAMP/htdocs/unw/wp-content/themes/unw/content-parts/pages/powered-by-asu/content-pba-benefits.php on line 16
[01-Aug-2025 05:44:27 UTC] PHP Warning:  Array to string conversion in /Applications/MAMP/htdocs/unw/wp-content/themes/unw/content-parts/pages/powered-by-asu/content-pba-benefits.php on line 16
[01-Aug-2025 05:44:27 UTC] PHP Warning:  Array to string conversion in /Applications/MAMP/htdocs/unw/wp-content/themes/unw/content-parts/pages/powered-by-asu/content-pba-benefits.php on line 16
[01-Aug-2025 05:44:27 UTC] PHP Warning:  Array to string conversion in /Applications/MAMP/htdocs/unw/wp-content/themes/unw/content-parts/pages/powered-by-asu/content-pba-benefits.php on line 16
[01-Aug-2025 05:45:12 UTC] PHP Warning:  Undefined variable $variant in /Applications/MAMP/htdocs/unw/wp-content/themes/unw/content-parts/pages/powered-by-asu/content-pba-hero.php on line 9
[01-Aug-2025 05:45:13 UTC] PHP Warning:  Array to string conversion in /Applications/MAMP/htdocs/unw/wp-content/themes/unw/content-parts/pages/powered-by-asu/content-pba-benefits.php on line 16
[01-Aug-2025 05:45:13 UTC] PHP Warning:  Array to string conversion in /Applications/MAMP/htdocs/unw/wp-content/themes/unw/content-parts/pages/powered-by-asu/content-pba-benefits.php on line 16
[01-Aug-2025 05:45:13 UTC] PHP Warning:  Array to string conversion in /Applications/MAMP/htdocs/unw/wp-content/themes/unw/content-parts/pages/powered-by-asu/content-pba-benefits.php on line 16
[01-Aug-2025 05:45:13 UTC] PHP Warning:  Array to string conversion in /Applications/MAMP/htdocs/unw/wp-content/themes/unw/content-parts/pages/powered-by-asu/content-pba-benefits.php on line 16
[01-Aug-2025 05:45:13 UTC] PHP Warning:  Array to string conversion in /Applications/MAMP/htdocs/unw/wp-content/themes/unw/content-parts/pages/powered-by-asu/content-pba-benefits.php on line 16
[01-Aug-2025 05:45:13 UTC] PHP Warning:  Array to string conversion in /Applications/MAMP/htdocs/unw/wp-content/themes/unw/content-parts/pages/powered-by-asu/content-pba-benefits.php on line 16
[01-Aug-2025 05:45:13 UTC] PHP Warning:  Array to string conversion in /Applications/MAMP/htdocs/unw/wp-content/themes/unw/content-parts/pages/powered-by-asu/content-pba-benefits.php on line 16
[01-Aug-2025 05:45:22 UTC] PHP Warning:  Undefined variable $variant in /Applications/MAMP/htdocs/unw/wp-content/themes/unw/content-parts/pages/powered-by-asu/content-pba-hero.php on line 9
[01-Aug-2025 05:45:22 UTC] PHP Warning:  Array to string conversion in /Applications/MAMP/htdocs/unw/wp-content/themes/unw/content-parts/pages/powered-by-asu/content-pba-benefits.php on line 15
[01-Aug-2025 05:45:22 UTC] PHP Warning:  Array to string conversion in /Applications/MAMP/htdocs/unw/wp-content/themes/unw/content-parts/pages/powered-by-asu/content-pba-benefits.php on line 15
[01-Aug-2025 05:45:22 UTC] PHP Warning:  Array to string conversion in /Applications/MAMP/htdocs/unw/wp-content/themes/unw/content-parts/pages/powered-by-asu/content-pba-benefits.php on line 15
[01-Aug-2025 05:45:22 UTC] PHP Warning:  Array to string conversion in /Applications/MAMP/htdocs/unw/wp-content/themes/unw/content-parts/pages/powered-by-asu/content-pba-benefits.php on line 15
[01-Aug-2025 05:45:22 UTC] PHP Warning:  Array to string conversion in /Applications/MAMP/htdocs/unw/wp-content/themes/unw/content-parts/pages/powered-by-asu/content-pba-benefits.php on line 15
[01-Aug-2025 05:45:22 UTC] PHP Warning:  Array to string conversion in /Applications/MAMP/htdocs/unw/wp-content/themes/unw/content-parts/pages/powered-by-asu/content-pba-benefits.php on line 15
[01-Aug-2025 05:45:22 UTC] PHP Warning:  Array to string conversion in /Applications/MAMP/htdocs/unw/wp-content/themes/unw/content-parts/pages/powered-by-asu/content-pba-benefits.php on line 15
[01-Aug-2025 05:45:34 UTC] PHP Warning:  Undefined variable $variant in /Applications/MAMP/htdocs/unw/wp-content/themes/unw/content-parts/pages/powered-by-asu/content-pba-hero.php on line 9
[01-Aug-2025 05:45:51 UTC] PHP Warning:  Undefined variable $variant in /Applications/MAMP/htdocs/unw/wp-content/themes/unw/content-parts/pages/powered-by-asu/content-pba-hero.php on line 9
[01-Aug-2025 05:46:14 UTC] PHP Warning:  Undefined variable $variant in /Applications/MAMP/htdocs/unw/wp-content/themes/unw/content-parts/pages/powered-by-asu/content-pba-hero.php on line 9
[01-Aug-2025 05:47:04 UTC] PHP Warning:  Undefined variable $variant in /Applications/MAMP/htdocs/unw/wp-content/themes/unw/content-parts/pages/powered-by-asu/content-pba-hero.php on line 9
[01-Aug-2025 05:47:12 UTC] PHP Warning:  Undefined variable $variant in /Applications/MAMP/htdocs/unw/wp-content/themes/unw/content-parts/pages/powered-by-asu/content-pba-hero.php on line 9
[01-Aug-2025 05:49:07 UTC] PHP Warning:  Undefined variable $variant in /Applications/MAMP/htdocs/unw/wp-content/themes/unw/content-parts/pages/powered-by-asu/content-pba-hero.php on line 9
[01-Aug-2025 05:49:13 UTC] PHP Warning:  Undefined variable $variant in /Applications/MAMP/htdocs/unw/wp-content/themes/unw/content-parts/pages/powered-by-asu/content-pba-hero.php on line 9
[01-Aug-2025 05:54:23 UTC] PHP Warning:  Undefined variable $variant in /Applications/MAMP/htdocs/unw/wp-content/themes/unw/content-parts/pages/powered-by-asu/content-pba-hero.php on line 9
[01-Aug-2025 05:56:06 UTC] PHP Warning:  Undefined variable $variant in /Applications/MAMP/htdocs/unw/wp-content/themes/unw/content-parts/pages/powered-by-asu/content-pba-hero.php on line 9
[01-Aug-2025 05:56:58 UTC] PHP Warning:  Undefined variable $variant in /Applications/MAMP/htdocs/unw/wp-content/themes/unw/content-parts/pages/powered-by-asu/content-pba-hero.php on line 9
[01-Aug-2025 06:07:12 UTC] PHP Warning:  Undefined variable $variant in /Applications/MAMP/htdocs/unw/wp-content/themes/unw/content-parts/pages/powered-by-asu/content-pba-hero.php on line 9
[01-Aug-2025 06:08:20 UTC] PHP Warning:  Undefined variable $variant in /Applications/MAMP/htdocs/unw/wp-content/themes/unw/content-parts/pages/powered-by-asu/content-pba-hero.php on line 9
[01-Aug-2025 06:08:20 UTC] PHP Warning:  Undefined array key "titulo" in /Applications/MAMP/htdocs/unw/wp-content/themes/unw/content-parts/pages/powered-by-asu/content-pba-network.php on line 10
[01-Aug-2025 06:08:20 UTC] PHP Deprecated:  nl2br(): Passing null to parameter #1 ($string) of type string is deprecated in /Applications/MAMP/htdocs/unw/wp-content/themes/unw/content-parts/pages/powered-by-asu/content-pba-network.php on line 10
[01-Aug-2025 06:08:46 UTC] PHP Warning:  Undefined variable $variant in /Applications/MAMP/htdocs/unw/wp-content/themes/unw/content-parts/pages/powered-by-asu/content-pba-hero.php on line 9
[01-Aug-2025 06:08:54 UTC] PHP Warning:  Undefined variable $variant in /Applications/MAMP/htdocs/unw/wp-content/themes/unw/content-parts/pages/powered-by-asu/content-pba-hero.php on line 9
[01-Aug-2025 06:09:00 UTC] PHP Warning:  Undefined variable $variant in /Applications/MAMP/htdocs/unw/wp-content/themes/unw/content-parts/pages/powered-by-asu/content-pba-hero.php on line 9
[01-Aug-2025 06:09:15 UTC] PHP Warning:  Undefined variable $variant in /Applications/MAMP/htdocs/unw/wp-content/themes/unw/content-parts/pages/powered-by-asu/content-pba-hero.php on line 9
[01-Aug-2025 06:10:16 UTC] PHP Warning:  Undefined variable $variant in /Applications/MAMP/htdocs/unw/wp-content/themes/unw/content-parts/pages/powered-by-asu/content-pba-hero.php on line 9
[01-Aug-2025 06:10:20 UTC] PHP Warning:  Undefined variable $variant in /Applications/MAMP/htdocs/unw/wp-content/themes/unw/content-parts/pages/powered-by-asu/content-pba-hero.php on line 9
[01-Aug-2025 06:16:47 UTC] PHP Warning:  Undefined variable $variant in /Applications/MAMP/htdocs/unw/wp-content/themes/unw/content-parts/pages/powered-by-asu/content-pba-hero.php on line 9
[01-Aug-2025 06:16:53 UTC] PHP Warning:  Undefined variable $variant in /Applications/MAMP/htdocs/unw/wp-content/themes/unw/content-parts/pages/powered-by-asu/content-pba-hero.php on line 9
[01-Aug-2025 06:17:22 UTC] PHP Warning:  Undefined variable $variant in /Applications/MAMP/htdocs/unw/wp-content/themes/unw/content-parts/pages/powered-by-asu/content-pba-hero.php on line 9
[01-Aug-2025 06:18:08 UTC] PHP Warning:  Undefined variable $variant in /Applications/MAMP/htdocs/unw/wp-content/themes/unw/content-parts/pages/powered-by-asu/content-pba-hero.php on line 9
